<?xml version="1.0" encoding="UTF-8"?>
<!-- Generated by org.testng.reporters.JUnitXMLReporter -->
<testsuite hostname="Mukesh" name="E2E" tests="6" failures="0" timestamp="21 Nov 2015 13:09:46 GMT" time="0.05" errors="0">
  <testcase name="test1" time="0.005" classname="selenium.testng.day9.TestNGProg1"/>
  <testcase name="test2" time="0.004" classname="selenium.testng.day9.TestNGProg1"/>
  <testcase name="test3" time="0.002" classname="selenium.testng.day9.TestNGProg2"/>
  <testcase name="test4" time="0.002" classname="selenium.testng.day9.TestNGProg2"/>
  <testcase name="test5" time="0.002" classname="selenium.testng.day9.TestNGProg3"/>
  <testcase name="test6" time="0.002" classname="selenium.testng.day9.TestNGProg3"/>
</testsuite> <!-- E2E -->
