<?xml version="1.0" encoding="UTF-8"?>
<!-- Generated by org.testng.reporters.JUnitXMLReporter -->
<testsuite hostname="Mukesh" name="Smoke" tests="6" failures="0" timestamp="21 Nov 2015 13:14:57 GMT" time="0.104" errors="0">
  <testcase name="test1" time="0.028" classname="selenium.testng.day9.TestNGProg1"/>
  <testcase name="test2" time="0.002" classname="selenium.testng.day9.TestNGProg1"/>
  <testcase name="test3" time="0.001" classname="selenium.testng.day9.TestNGProg2"/>
  <testcase name="test4" time="0.002" classname="selenium.testng.day9.TestNGProg2"/>
  <testcase name="test5" time="0.006" classname="selenium.testng.day9.TestNGProg3"/>
  <testcase name="test6" time="0.005" classname="selenium.testng.day9.TestNGProg3"/>
</testsuite> <!-- Smoke -->
