<?xml version="1.0" encoding="UTF-8"?>
<testng-results skipped="0" failed="0" total="1" passed="1">
  <reporter-output>
  </reporter-output>
  <suite name="Default suite" duration-ms="3505" started-at="2015-11-22T03:53:34Z" finished-at="2015-11-22T03:53:37Z">
    <groups>
    </groups>
    <test name="Default test" duration-ms="3505" started-at="2015-11-22T03:53:34Z" finished-at="2015-11-22T03:53:37Z">
      <class name="selenium.apachePOI.day10.WriteExcelData">
        <test-method status="PASS" signature="readExcel()[pri:0, instance:selenium.apachePOI.day10.WriteExcelData@1ef7fe8e]" name="readExcel" duration-ms="3393" started-at="2015-11-22T09:23:34Z" finished-at="2015-11-22T09:23:37Z">
          <reporter-output>
          </reporter-output>
        </test-method> <!-- readExcel -->
      </class> <!-- selenium.apachePOI.day10.WriteExcelData -->
    </test> <!-- Default test -->
  </suite> <!-- Default suite -->
</testng-results>
